INFO:     Will watch for changes in these directories: ['/Users/jackietang/Documents/HKUST/Year 4 Spring/Hacktheeast hackathon/Flash-Lang-main-RevA']
INFO:     Uvicorn running on http://127.0.0.1:8000 (Press CTRL+C to quit)
INFO:     Started reloader process [83483] using WatchFiles
INFO:     Started server process [83486]
INFO:     Waiting for application startup.
INFO:     Application startup complete.
INFO:     127.0.0.1:55893 - "GET /health HTTP/1.1" 200 OK
WARNING:  WatchFiles detected changes in 'main.py'. Reloading...
INFO:     Shutting down
INFO:     Waiting for application shutdown.
INFO:     Application shutdown complete.
INFO:     Finished server process [83486]
Process SpawnProcess-2:
Traceback (most recent call last):
  File "/opt/anaconda3/lib/python3.13/multiprocessing/process.py", line 313, in _bootstrap
    self.run()
    ~~~~~~~~^^
  File "/opt/anaconda3/lib/python3.13/multiprocessing/process.py", line 108, in run
    self._target(*self._args, **self._kwargs)
    ~~~~~~~~~~~~^^^^^^^^^^^^^^^^^^^^^^^^^^^^^
  File "/Users/jackietang/Documents/HKUST/Year 4 Spring/Hacktheeast hackathon/Flash-Lang-main-RevA/.venv/lib/python3.13/site-packages/uvicorn/_subprocess.py", line 80, in subprocess_started
    target(sockets=sockets)
    ~~~~~~^^^^^^^^^^^^^^^^^
  File "/Users/jackietang/Documents/HKUST/Year 4 Spring/Hacktheeast hackathon/Flash-Lang-main-RevA/.venv/lib/python3.13/site-packages/uvicorn/server.py", line 75, in run
    return asyncio_run(self.serve(sockets=sockets), loop_factory=self.config.get_loop_factory())
  File "/opt/anaconda3/lib/python3.13/asyncio/runners.py", line 195, in run
    return runner.run(main)
           ~~~~~~~~~~^^^^^^
  File "/opt/anaconda3/lib/python3.13/asyncio/runners.py", line 118, in run
    return self._loop.run_until_complete(task)
           ~~~~~~~~~~~~~~~~~~~~~~~~~~~~~^^^^^^
  File "uvloop/loop.pyx", line 1518, in uvloop.loop.Loop.run_until_complete
  File "/Users/jackietang/Documents/HKUST/Year 4 Spring/Hacktheeast hackathon/Flash-Lang-main-RevA/.venv/lib/python3.13/site-packages/uvicorn/server.py", line 79, in serve
    await self._serve(sockets)
  File "/Users/jackietang/Documents/HKUST/Year 4 Spring/Hacktheeast hackathon/Flash-Lang-main-RevA/.venv/lib/python3.13/site-packages/uvicorn/server.py", line 86, in _serve
    config.load()
    ~~~~~~~~~~~^^
  File "/Users/jackietang/Documents/HKUST/Year 4 Spring/Hacktheeast hackathon/Flash-Lang-main-RevA/.venv/lib/python3.13/site-packages/uvicorn/config.py", line 441, in load
    self.loaded_app = import_from_string(self.app)
                      ~~~~~~~~~~~~~~~~~~^^^^^^^^^^
  File "/Users/jackietang/Documents/HKUST/Year 4 Spring/Hacktheeast hackathon/Flash-Lang-main-RevA/.venv/lib/python3.13/site-packages/uvicorn/importer.py", line 19, in import_from_string
    module = importlib.import_module(module_str)
  File "/opt/anaconda3/lib/python3.13/importlib/__init__.py", line 88, in import_module
    return _bootstrap._gcd_import(name[level:], package, level)
           ~~~~~~~~~~~~~~~~~~~~~~^^^^^^^^^^^^^^^^^^^^^^^^^^^^^^
  File "<frozen importlib._bootstrap>", line 1387, in _gcd_import
  File "<frozen importlib._bootstrap>", line 1360, in _find_and_load
  File "<frozen importlib._bootstrap>", line 1331, in _find_and_load_unlocked
  File "<frozen importlib._bootstrap>", line 935, in _load_unlocked
  File "<frozen importlib._bootstrap_external>", line 1023, in exec_module
  File "<frozen importlib._bootstrap_external>", line 1161, in get_code
  File "<frozen importlib._bootstrap_external>", line 1091, in source_to_code
  File "<frozen importlib._bootstrap>", line 488, in _call_with_frames_removed
  File "/Users/jackietang/Documents/HKUST/Year 4 Spring/Hacktheeast hackathon/Flash-Lang-main-RevA/main.py", line 52
    type: str = "youtube"  # youtube | article
IndentationError: unexpected indent
WARNING:  WatchFiles detected changes in 'main.py'. Reloading...
INFO:     Started server process [88937]
INFO:     Waiting for application startup.
INFO:     Application startup complete.
INFO:     127.0.0.1:49291 - "GET / HTTP/1.1" 200 OK
INFO:     127.0.0.1:49291 - "GET /favicon.ico HTTP/1.1" 404 Not Found
[EXTRACTION] Starting extraction for URL: https://www.youtube.com/watch?v=qYNweeDHiyU...
[EXTRACTION] Found Video ID: qYNweeDHiyU. Fetching transcript...
[EXTRACTION] Success! Extracted 9631 chars, 253 timestamped segments.
[MINIMAX] Preparing to send 9631 characters to MiniMax...
INFO:     127.0.0.1:49475 - "POST /process-content HTTP/1.1" 502 Bad Gateway
[EXTRACTION] Starting extraction for URL: https://www.youtube.com/watch?v=qYNweeDHiyU...
[EXTRACTION] Found Video ID: qYNweeDHiyU. Fetching transcript...
[EXTRACTION] Success! Extracted 9631 chars, 253 timestamped segments.
[MINIMAX] Preparing to send 9631 characters to MiniMax...
INFO:     127.0.0.1:49568 - "POST /process-content HTTP/1.1" 502 Bad Gateway
[EXTRACTION] Starting extraction for URL: https://www.youtube.com/watch?v=qYNweeDHiyU...
[EXTRACTION] Found Video ID: qYNweeDHiyU. Fetching transcript...
[EXTRACTION] Success! Extracted 9631 chars, 253 timestamped segments.
[MINIMAX] Preparing to send 9631 characters to MiniMax...
INFO:     127.0.0.1:49568 - "POST /process-content HTTP/1.1" 502 Bad Gateway
WARNING:  WatchFiles detected changes in 'main.py'. Reloading...
INFO:     Shutting down
INFO:     Waiting for application shutdown.
INFO:     Application shutdown complete.
INFO:     Finished server process [88937]
INFO:     Started server process [89746]
INFO:     Waiting for application startup.
INFO:     Application startup complete.
INFO:     127.0.0.1:51289 - "GET / HTTP/1.1" 200 OK
INFO:     127.0.0.1:51289 - "GET /favicon.ico HTTP/1.1" 404 Not Found
[EXTRACTION] Starting extraction for URL: https://www.youtube.com/watch?v=qYNweeDHiyU...
[EXTRACTION] Found Video ID: qYNweeDHiyU. Fetching transcript...
[EXTRACTION] Success! Extracted 9631 chars, 253 timestamped segments.
[MINIMAX] Preparing to send 9631 characters to MiniMax...
INFO:     127.0.0.1:51320 - "POST /process-content HTTP/1.1" 502 Bad Gateway
INFO:     127.0.0.1:51320 - "POST /translate HTTP/1.1" 500 Internal Server Error
ERROR:    Exception in ASGI application
Traceback (most recent call last):
  File "/Users/jackietang/Documents/HKUST/Year 4 Spring/Hacktheeast hackathon/Flash-Lang-main-RevA/.venv/lib/python3.13/site-packages/uvicorn/protocols/http/httptools_impl.py", line 416, in run_asgi
    result = await app(  # type: ignore[func-returns-value]
             ^^^^^^^^^^^^^^^^^^^^^^^^^^^^^^^^^^^^^^^^^^^^^^
        self.scope, self.receive, self.send
        ^^^^^^^^^^^^^^^^^^^^^^^^^^^^^^^^^^^
    )
    ^
  File "/Users/jackietang/Documents/HKUST/Year 4 Spring/Hacktheeast hackathon/Flash-Lang-main-RevA/.venv/lib/python3.13/site-packages/uvicorn/middleware/proxy_headers.py", line 60, in __call__
    return await self.app(scope, receive, send)
           ^^^^^^^^^^^^^^^^^^^^^^^^^^^^^^^^^^^^
  File "/Users/jackietang/Documents/HKUST/Year 4 Spring/Hacktheeast hackathon/Flash-Lang-main-RevA/.venv/lib/python3.13/site-packages/fastapi/applications.py", line 1160, in __call__
    await super().__call__(scope, receive, send)
  File "/Users/jackietang/Documents/HKUST/Year 4 Spring/Hacktheeast hackathon/Flash-Lang-main-RevA/.venv/lib/python3.13/site-packages/starlette/applications.py", line 107, in __call__
    await self.middleware_stack(scope, receive, send)
  File "/Users/jackietang/Documents/HKUST/Year 4 Spring/Hacktheeast hackathon/Flash-Lang-main-RevA/.venv/lib/python3.13/site-packages/starlette/middleware/errors.py", line 186, in __call__
    raise exc
  File "/Users/jackietang/Documents/HKUST/Year 4 Spring/Hacktheeast hackathon/Flash-Lang-main-RevA/.venv/lib/python3.13/site-packages/starlette/middleware/errors.py", line 164, in __call__
    await self.app(scope, receive, _send)
  File "/Users/jackietang/Documents/HKUST/Year 4 Spring/Hacktheeast hackathon/Flash-Lang-main-RevA/.venv/lib/python3.13/site-packages/starlette/middleware/cors.py", line 95, in __call__
    await self.simple_response(scope, receive, send, request_headers=headers)
  File "/Users/jackietang/Documents/HKUST/Year 4 Spring/Hacktheeast hackathon/Flash-Lang-main-RevA/.venv/lib/python3.13/site-packages/starlette/middleware/cors.py", line 153, in simple_response
    await self.app(scope, receive, send)
  File "/Users/jackietang/Documents/HKUST/Year 4 Spring/Hacktheeast hackathon/Flash-Lang-main-RevA/.venv/lib/python3.13/site-packages/starlette/middleware/exceptions.py", line 63, in __call__
    await wrap_app_handling_exceptions(self.app, conn)(scope, receive, send)
  File "/Users/jackietang/Documents/HKUST/Year 4 Spring/Hacktheeast hackathon/Flash-Lang-main-RevA/.venv/lib/python3.13/site-packages/starlette/_exception_handler.py", line 53, in wrapped_app
    raise exc
  File "/Users/jackietang/Documents/HKUST/Year 4 Spring/Hacktheeast hackathon/Flash-Lang-main-RevA/.venv/lib/python3.13/site-packages/starlette/_exception_handler.py", line 42, in wrapped_app
    await app(scope, receive, sender)
  File "/Users/jackietang/Documents/HKUST/Year 4 Spring/Hacktheeast hackathon/Flash-Lang-main-RevA/.venv/lib/python3.13/site-packages/fastapi/middleware/asyncexitstack.py", line 18, in __call__
    await self.app(scope, receive, send)
  File "/Users/jackietang/Documents/HKUST/Year 4 Spring/Hacktheeast hackathon/Flash-Lang-main-RevA/.venv/lib/python3.13/site-packages/starlette/routing.py", line 716, in __call__
    await self.middleware_stack(scope, receive, send)
  File "/Users/jackietang/Documents/HKUST/Year 4 Spring/Hacktheeast hackathon/Flash-Lang-main-RevA/.venv/lib/python3.13/site-packages/starlette/routing.py", line 736, in app
    await route.handle(scope, receive, send)
  File "/Users/jackietang/Documents/HKUST/Year 4 Spring/Hacktheeast hackathon/Flash-Lang-main-RevA/.venv/lib/python3.13/site-packages/starlette/routing.py", line 290, in handle
    await self.app(scope, receive, send)
  File "/Users/jackietang/Documents/HKUST/Year 4 Spring/Hacktheeast hackathon/Flash-Lang-main-RevA/.venv/lib/python3.13/site-packages/fastapi/routing.py", line 122, in app
    await wrap_app_handling_exceptions(app, request)(scope, receive, send)
  File "/Users/jackietang/Documents/HKUST/Year 4 Spring/Hacktheeast hackathon/Flash-Lang-main-RevA/.venv/lib/python3.13/site-packages/starlette/_exception_handler.py", line 53, in wrapped_app
    raise exc
  File "/Users/jackietang/Documents/HKUST/Year 4 Spring/Hacktheeast hackathon/Flash-Lang-main-RevA/.venv/lib/python3.13/site-packages/starlette/_exception_handler.py", line 42, in wrapped_app
    await app(scope, receive, sender)
  File "/Users/jackietang/Documents/HKUST/Year 4 Spring/Hacktheeast hackathon/Flash-Lang-main-RevA/.venv/lib/python3.13/site-packages/fastapi/routing.py", line 108, in app
    response = await f(request)
               ^^^^^^^^^^^^^^^^
  File "/Users/jackietang/Documents/HKUST/Year 4 Spring/Hacktheeast hackathon/Flash-Lang-main-RevA/.venv/lib/python3.13/site-packages/fastapi/routing.py", line 532, in app
    raw_response = await run_endpoint_function(
                   ^^^^^^^^^^^^^^^^^^^^^^^^^^^^
    ...<3 lines>...
    )
    ^
  File "/Users/jackietang/Documents/HKUST/Year 4 Spring/Hacktheeast hackathon/Flash-Lang-main-RevA/.venv/lib/python3.13/site-packages/fastapi/routing.py", line 318, in run_endpoint_function
    return await run_in_threadpool(dependant.call, **values)
           ^^^^^^^^^^^^^^^^^^^^^^^^^^^^^^^^^^^^^^^^^^^^^^^^^
  File "/Users/jackietang/Documents/HKUST/Year 4 Spring/Hacktheeast hackathon/Flash-Lang-main-RevA/.venv/lib/python3.13/site-packages/starlette/concurrency.py", line 32, in run_in_threadpool
    return await anyio.to_thread.run_sync(func)
           ^^^^^^^^^^^^^^^^^^^^^^^^^^^^^^^^^^^^
  File "/Users/jackietang/Documents/HKUST/Year 4 Spring/Hacktheeast hackathon/Flash-Lang-main-RevA/.venv/lib/python3.13/site-packages/anyio/to_thread.py", line 63, in run_sync
    return await get_async_backend().run_sync_in_worker_thread(
           ^^^^^^^^^^^^^^^^^^^^^^^^^^^^^^^^^^^^^^^^^^^^^^^^^^^^
        func, args, abandon_on_cancel=abandon_on_cancel, limiter=limiter
        ^^^^^^^^^^^^^^^^^^^^^^^^^^^^^^^^^^^^^^^^^^^^^^^^^^^^^^^^^^^^^^^^
    )
    ^
  File "/Users/jackietang/Documents/HKUST/Year 4 Spring/Hacktheeast hackathon/Flash-Lang-main-RevA/.venv/lib/python3.13/site-packages/anyio/_backends/_asyncio.py", line 2502, in run_sync_in_worker_thread
    return await future
           ^^^^^^^^^^^^
  File "/Users/jackietang/Documents/HKUST/Year 4 Spring/Hacktheeast hackathon/Flash-Lang-main-RevA/.venv/lib/python3.13/site-packages/anyio/_backends/_asyncio.py", line 986, in run
    result = context.run(func, *args)
  File "/Users/jackietang/Documents/HKUST/Year 4 Spring/Hacktheeast hackathon/Flash-Lang-main-RevA/main.py", line 206, in translate
    url = f"https://api.mymemory.translated.net/get?q={encodeURIComponent(request.text)}&langpair={request.sourceLang}|{request.targetLang}"
                                                       ^^^^^^^^^^^^^^^^^^
NameError: name 'encodeURIComponent' is not defined
INFO:     127.0.0.1:51386 - "POST /translate HTTP/1.1" 500 Internal Server Error
ERROR:    Exception in ASGI application
Traceback (most recent call last):
  File "/Users/jackietang/Documents/HKUST/Year 4 Spring/Hacktheeast hackathon/Flash-Lang-main-RevA/.venv/lib/python3.13/site-packages/uvicorn/protocols/http/httptools_impl.py", line 416, in run_asgi
    result = await app(  # type: ignore[func-returns-value]
             ^^^^^^^^^^^^^^^^^^^^^^^^^^^^^^^^^^^^^^^^^^^^^^
        self.scope, self.receive, self.send
        ^^^^^^^^^^^^^^^^^^^^^^^^^^^^^^^^^^^
    )
    ^
  File "/Users/jackietang/Documents/HKUST/Year 4 Spring/Hacktheeast hackathon/Flash-Lang-main-RevA/.venv/lib/python3.13/site-packages/uvicorn/middleware/proxy_headers.py", line 60, in __call__
    return await self.app(scope, receive, send)
           ^^^^^^^^^^^^^^^^^^^^^^^^^^^^^^^^^^^^
  File "/Users/jackietang/Documents/HKUST/Year 4 Spring/Hacktheeast hackathon/Flash-Lang-main-RevA/.venv/lib/python3.13/site-packages/fastapi/applications.py", line 1160, in __call__
    await super().__call__(scope, receive, send)
  File "/Users/jackietang/Documents/HKUST/Year 4 Spring/Hacktheeast hackathon/Flash-Lang-main-RevA/.venv/lib/python3.13/site-packages/starlette/applications.py", line 107, in __call__
    await self.middleware_stack(scope, receive, send)
  File "/Users/jackietang/Documents/HKUST/Year 4 Spring/Hacktheeast hackathon/Flash-Lang-main-RevA/.venv/lib/python3.13/site-packages/starlette/middleware/errors.py", line 186, in __call__
    raise exc
  File "/Users/jackietang/Documents/HKUST/Year 4 Spring/Hacktheeast hackathon/Flash-Lang-main-RevA/.venv/lib/python3.13/site-packages/starlette/middleware/errors.py", line 164, in __call__
    await self.app(scope, receive, _send)
  File "/Users/jackietang/Documents/HKUST/Year 4 Spring/Hacktheeast hackathon/Flash-Lang-main-RevA/.venv/lib/python3.13/site-packages/starlette/middleware/cors.py", line 95, in __call__
    await self.simple_response(scope, receive, send, request_headers=headers)
  File "/Users/jackietang/Documents/HKUST/Year 4 Spring/Hacktheeast hackathon/Flash-Lang-main-RevA/.venv/lib/python3.13/site-packages/starlette/middleware/cors.py", line 153, in simple_response
    await self.app(scope, receive, send)
  File "/Users/jackietang/Documents/HKUST/Year 4 Spring/Hacktheeast hackathon/Flash-Lang-main-RevA/.venv/lib/python3.13/site-packages/starlette/middleware/exceptions.py", line 63, in __call__
    await wrap_app_handling_exceptions(self.app, conn)(scope, receive, send)
  File "/Users/jackietang/Documents/HKUST/Year 4 Spring/Hacktheeast hackathon/Flash-Lang-main-RevA/.venv/lib/python3.13/site-packages/starlette/_exception_handler.py", line 53, in wrapped_app
    raise exc
  File "/Users/jackietang/Documents/HKUST/Year 4 Spring/Hacktheeast hackathon/Flash-Lang-main-RevA/.venv/lib/python3.13/site-packages/starlette/_exception_handler.py", line 42, in wrapped_app
    await app(scope, receive, sender)
  File "/Users/jackietang/Documents/HKUST/Year 4 Spring/Hacktheeast hackathon/Flash-Lang-main-RevA/.venv/lib/python3.13/site-packages/fastapi/middleware/asyncexitstack.py", line 18, in __call__
    await self.app(scope, receive, send)
  File "/Users/jackietang/Documents/HKUST/Year 4 Spring/Hacktheeast hackathon/Flash-Lang-main-RevA/.venv/lib/python3.13/site-packages/starlette/routing.py", line 716, in __call__
    await self.middleware_stack(scope, receive, send)
  File "/Users/jackietang/Documents/HKUST/Year 4 Spring/Hacktheeast hackathon/Flash-Lang-main-RevA/.venv/lib/python3.13/site-packages/starlette/routing.py", line 736, in app
    await route.handle(scope, receive, send)
  File "/Users/jackietang/Documents/HKUST/Year 4 Spring/Hacktheeast hackathon/Flash-Lang-main-RevA/.venv/lib/python3.13/site-packages/starlette/routing.py", line 290, in handle
    await self.app(scope, receive, send)
  File "/Users/jackietang/Documents/HKUST/Year 4 Spring/Hacktheeast hackathon/Flash-Lang-main-RevA/.venv/lib/python3.13/site-packages/fastapi/routing.py", line 122, in app
    await wrap_app_handling_exceptions(app, request)(scope, receive, send)
  File "/Users/jackietang/Documents/HKUST/Year 4 Spring/Hacktheeast hackathon/Flash-Lang-main-RevA/.venv/lib/python3.13/site-packages/starlette/_exception_handler.py", line 53, in wrapped_app
    raise exc
  File "/Users/jackietang/Documents/HKUST/Year 4 Spring/Hacktheeast hackathon/Flash-Lang-main-RevA/.venv/lib/python3.13/site-packages/starlette/_exception_handler.py", line 42, in wrapped_app
    await app(scope, receive, sender)
  File "/Users/jackietang/Documents/HKUST/Year 4 Spring/Hacktheeast hackathon/Flash-Lang-main-RevA/.venv/lib/python3.13/site-packages/fastapi/routing.py", line 108, in app
    response = await f(request)
               ^^^^^^^^^^^^^^^^
  File "/Users/jackietang/Documents/HKUST/Year 4 Spring/Hacktheeast hackathon/Flash-Lang-main-RevA/.venv/lib/python3.13/site-packages/fastapi/routing.py", line 532, in app
    raw_response = await run_endpoint_function(
                   ^^^^^^^^^^^^^^^^^^^^^^^^^^^^
    ...<3 lines>...
    )
    ^
  File "/Users/jackietang/Documents/HKUST/Year 4 Spring/Hacktheeast hackathon/Flash-Lang-main-RevA/.venv/lib/python3.13/site-packages/fastapi/routing.py", line 318, in run_endpoint_function
    return await run_in_threadpool(dependant.call, **values)
           ^^^^^^^^^^^^^^^^^^^^^^^^^^^^^^^^^^^^^^^^^^^^^^^^^
  File "/Users/jackietang/Documents/HKUST/Year 4 Spring/Hacktheeast hackathon/Flash-Lang-main-RevA/.venv/lib/python3.13/site-packages/starlette/concurrency.py", line 32, in run_in_threadpool
    return await anyio.to_thread.run_sync(func)
           ^^^^^^^^^^^^^^^^^^^^^^^^^^^^^^^^^^^^
  File "/Users/jackietang/Documents/HKUST/Year 4 Spring/Hacktheeast hackathon/Flash-Lang-main-RevA/.venv/lib/python3.13/site-packages/anyio/to_thread.py", line 63, in run_sync
    return await get_async_backend().run_sync_in_worker_thread(
           ^^^^^^^^^^^^^^^^^^^^^^^^^^^^^^^^^^^^^^^^^^^^^^^^^^^^
        func, args, abandon_on_cancel=abandon_on_cancel, limiter=limiter
        ^^^^^^^^^^^^^^^^^^^^^^^^^^^^^^^^^^^^^^^^^^^^^^^^^^^^^^^^^^^^^^^^
    )
    ^
  File "/Users/jackietang/Documents/HKUST/Year 4 Spring/Hacktheeast hackathon/Flash-Lang-main-RevA/.venv/lib/python3.13/site-packages/anyio/_backends/_asyncio.py", line 2502, in run_sync_in_worker_thread
    return await future
           ^^^^^^^^^^^^
  File "/Users/jackietang/Documents/HKUST/Year 4 Spring/Hacktheeast hackathon/Flash-Lang-main-RevA/.venv/lib/python3.13/site-packages/anyio/_backends/_asyncio.py", line 986, in run
    result = context.run(func, *args)
  File "/Users/jackietang/Documents/HKUST/Year 4 Spring/Hacktheeast hackathon/Flash-Lang-main-RevA/main.py", line 206, in translate
    url = f"https://api.mymemory.translated.net/get?q={encodeURIComponent(request.text)}&langpair={request.sourceLang}|{request.targetLang}"
                                                       ^^^^^^^^^^^^^^^^^^
NameError: name 'encodeURIComponent' is not defined
INFO:     127.0.0.1:51415 - "POST /translate HTTP/1.1" 500 Internal Server Error
ERROR:    Exception in ASGI application
Traceback (most recent call last):
  File "/Users/jackietang/Documents/HKUST/Year 4 Spring/Hacktheeast hackathon/Flash-Lang-main-RevA/.venv/lib/python3.13/site-packages/uvicorn/protocols/http/httptools_impl.py", line 416, in run_asgi
    result = await app(  # type: ignore[func-returns-value]
             ^^^^^^^^^^^^^^^^^^^^^^^^^^^^^^^^^^^^^^^^^^^^^^
        self.scope, self.receive, self.send
        ^^^^^^^^^^^^^^^^^^^^^^^^^^^^^^^^^^^
    )
    ^
  File "/Users/jackietang/Documents/HKUST/Year 4 Spring/Hacktheeast hackathon/Flash-Lang-main-RevA/.venv/lib/python3.13/site-packages/uvicorn/middleware/proxy_headers.py", line 60, in __call__
    return await self.app(scope, receive, send)
           ^^^^^^^^^^^^^^^^^^^^^^^^^^^^^^^^^^^^
  File "/Users/jackietang/Documents/HKUST/Year 4 Spring/Hacktheeast hackathon/Flash-Lang-main-RevA/.venv/lib/python3.13/site-packages/fastapi/applications.py", line 1160, in __call__
    await super().__call__(scope, receive, send)
  File "/Users/jackietang/Documents/HKUST/Year 4 Spring/Hacktheeast hackathon/Flash-Lang-main-RevA/.venv/lib/python3.13/site-packages/starlette/applications.py", line 107, in __call__
    await self.middleware_stack(scope, receive, send)
  File "/Users/jackietang/Documents/HKUST/Year 4 Spring/Hacktheeast hackathon/Flash-Lang-main-RevA/.venv/lib/python3.13/site-packages/starlette/middleware/errors.py", line 186, in __call__
    raise exc
  File "/Users/jackietang/Documents/HKUST/Year 4 Spring/Hacktheeast hackathon/Flash-Lang-main-RevA/.venv/lib/python3.13/site-packages/starlette/middleware/errors.py", line 164, in __call__
    await self.app(scope, receive, _send)
  File "/Users/jackietang/Documents/HKUST/Year 4 Spring/Hacktheeast hackathon/Flash-Lang-main-RevA/.venv/lib/python3.13/site-packages/starlette/middleware/cors.py", line 95, in __call__
    await self.simple_response(scope, receive, send, request_headers=headers)
  File "/Users/jackietang/Documents/HKUST/Year 4 Spring/Hacktheeast hackathon/Flash-Lang-main-RevA/.venv/lib/python3.13/site-packages/starlette/middleware/cors.py", line 153, in simple_response
    await self.app(scope, receive, send)
  File "/Users/jackietang/Documents/HKUST/Year 4 Spring/Hacktheeast hackathon/Flash-Lang-main-RevA/.venv/lib/python3.13/site-packages/starlette/middleware/exceptions.py", line 63, in __call__
    await wrap_app_handling_exceptions(self.app, conn)(scope, receive, send)
  File "/Users/jackietang/Documents/HKUST/Year 4 Spring/Hacktheeast hackathon/Flash-Lang-main-RevA/.venv/lib/python3.13/site-packages/starlette/_exception_handler.py", line 53, in wrapped_app
    raise exc
  File "/Users/jackietang/Documents/HKUST/Year 4 Spring/Hacktheeast hackathon/Flash-Lang-main-RevA/.venv/lib/python3.13/site-packages/starlette/_exception_handler.py", line 42, in wrapped_app
    await app(scope, receive, sender)
  File "/Users/jackietang/Documents/HKUST/Year 4 Spring/Hacktheeast hackathon/Flash-Lang-main-RevA/.venv/lib/python3.13/site-packages/fastapi/middleware/asyncexitstack.py", line 18, in __call__
    await self.app(scope, receive, send)
  File "/Users/jackietang/Documents/HKUST/Year 4 Spring/Hacktheeast hackathon/Flash-Lang-main-RevA/.venv/lib/python3.13/site-packages/starlette/routing.py", line 716, in __call__
    await self.middleware_stack(scope, receive, send)
  File "/Users/jackietang/Documents/HKUST/Year 4 Spring/Hacktheeast hackathon/Flash-Lang-main-RevA/.venv/lib/python3.13/site-packages/starlette/routing.py", line 736, in app
    await route.handle(scope, receive, send)
  File "/Users/jackietang/Documents/HKUST/Year 4 Spring/Hacktheeast hackathon/Flash-Lang-main-RevA/.venv/lib/python3.13/site-packages/starlette/routing.py", line 290, in handle
    await self.app(scope, receive, send)
  File "/Users/jackietang/Documents/HKUST/Year 4 Spring/Hacktheeast hackathon/Flash-Lang-main-RevA/.venv/lib/python3.13/site-packages/fastapi/routing.py", line 122, in app
    await wrap_app_handling_exceptions(app, request)(scope, receive, send)
  File "/Users/jackietang/Documents/HKUST/Year 4 Spring/Hacktheeast hackathon/Flash-Lang-main-RevA/.venv/lib/python3.13/site-packages/starlette/_exception_handler.py", line 53, in wrapped_app
    raise exc
  File "/Users/jackietang/Documents/HKUST/Year 4 Spring/Hacktheeast hackathon/Flash-Lang-main-RevA/.venv/lib/python3.13/site-packages/starlette/_exception_handler.py", line 42, in wrapped_app
    await app(scope, receive, sender)
  File "/Users/jackietang/Documents/HKUST/Year 4 Spring/Hacktheeast hackathon/Flash-Lang-main-RevA/.venv/lib/python3.13/site-packages/fastapi/routing.py", line 108, in app
    response = await f(request)
               ^^^^^^^^^^^^^^^^
  File "/Users/jackietang/Documents/HKUST/Year 4 Spring/Hacktheeast hackathon/Flash-Lang-main-RevA/.venv/lib/python3.13/site-packages/fastapi/routing.py", line 532, in app
    raw_response = await run_endpoint_function(
                   ^^^^^^^^^^^^^^^^^^^^^^^^^^^^
    ...<3 lines>...
    )
    ^
  File "/Users/jackietang/Documents/HKUST/Year 4 Spring/Hacktheeast hackathon/Flash-Lang-main-RevA/.venv/lib/python3.13/site-packages/fastapi/routing.py", line 318, in run_endpoint_function
    return await run_in_threadpool(dependant.call, **values)
           ^^^^^^^^^^^^^^^^^^^^^^^^^^^^^^^^^^^^^^^^^^^^^^^^^
  File "/Users/jackietang/Documents/HKUST/Year 4 Spring/Hacktheeast hackathon/Flash-Lang-main-RevA/.venv/lib/python3.13/site-packages/starlette/concurrency.py", line 32, in run_in_threadpool
    return await anyio.to_thread.run_sync(func)
           ^^^^^^^^^^^^^^^^^^^^^^^^^^^^^^^^^^^^
  File "/Users/jackietang/Documents/HKUST/Year 4 Spring/Hacktheeast hackathon/Flash-Lang-main-RevA/.venv/lib/python3.13/site-packages/anyio/to_thread.py", line 63, in run_sync
    return await get_async_backend().run_sync_in_worker_thread(
           ^^^^^^^^^^^^^^^^^^^^^^^^^^^^^^^^^^^^^^^^^^^^^^^^^^^^
        func, args, abandon_on_cancel=abandon_on_cancel, limiter=limiter
        ^^^^^^^^^^^^^^^^^^^^^^^^^^^^^^^^^^^^^^^^^^^^^^^^^^^^^^^^^^^^^^^^
    )
    ^
  File "/Users/jackietang/Documents/HKUST/Year 4 Spring/Hacktheeast hackathon/Flash-Lang-main-RevA/.venv/lib/python3.13/site-packages/anyio/_backends/_asyncio.py", line 2502, in run_sync_in_worker_thread
    return await future
           ^^^^^^^^^^^^
  File "/Users/jackietang/Documents/HKUST/Year 4 Spring/Hacktheeast hackathon/Flash-Lang-main-RevA/.venv/lib/python3.13/site-packages/anyio/_backends/_asyncio.py", line 986, in run
    result = context.run(func, *args)
  File "/Users/jackietang/Documents/HKUST/Year 4 Spring/Hacktheeast hackathon/Flash-Lang-main-RevA/main.py", line 206, in translate
    url = f"https://api.mymemory.translated.net/get?q={encodeURIComponent(request.text)}&langpair={request.sourceLang}|{request.targetLang}"
                                                       ^^^^^^^^^^^^^^^^^^
NameError: name 'encodeURIComponent' is not defined
INFO:     127.0.0.1:51419 - "POST /translate HTTP/1.1" 500 Internal Server Error
ERROR:    Exception in ASGI application
Traceback (most recent call last):
  File "/Users/jackietang/Documents/HKUST/Year 4 Spring/Hacktheeast hackathon/Flash-Lang-main-RevA/.venv/lib/python3.13/site-packages/uvicorn/protocols/http/httptools_impl.py", line 416, in run_asgi
    result = await app(  # type: ignore[func-returns-value]
             ^^^^^^^^^^^^^^^^^^^^^^^^^^^^^^^^^^^^^^^^^^^^^^
        self.scope, self.receive, self.send
        ^^^^^^^^^^^^^^^^^^^^^^^^^^^^^^^^^^^
    )
    ^
  File "/Users/jackietang/Documents/HKUST/Year 4 Spring/Hacktheeast hackathon/Flash-Lang-main-RevA/.venv/lib/python3.13/site-packages/uvicorn/middleware/proxy_headers.py", line 60, in __call__
    return await self.app(scope, receive, send)
           ^^^^^^^^^^^^^^^^^^^^^^^^^^^^^^^^^^^^
  File "/Users/jackietang/Documents/HKUST/Year 4 Spring/Hacktheeast hackathon/Flash-Lang-main-RevA/.venv/lib/python3.13/site-packages/fastapi/applications.py", line 1160, in __call__
    await super().__call__(scope, receive, send)
  File "/Users/jackietang/Documents/HKUST/Year 4 Spring/Hacktheeast hackathon/Flash-Lang-main-RevA/.venv/lib/python3.13/site-packages/starlette/applications.py", line 107, in __call__
    await self.middleware_stack(scope, receive, send)
  File "/Users/jackietang/Documents/HKUST/Year 4 Spring/Hacktheeast hackathon/Flash-Lang-main-RevA/.venv/lib/python3.13/site-packages/starlette/middleware/errors.py", line 186, in __call__
    raise exc
  File "/Users/jackietang/Documents/HKUST/Year 4 Spring/Hacktheeast hackathon/Flash-Lang-main-RevA/.venv/lib/python3.13/site-packages/starlette/middleware/errors.py", line 164, in __call__
    await self.app(scope, receive, _send)
  File "/Users/jackietang/Documents/HKUST/Year 4 Spring/Hacktheeast hackathon/Flash-Lang-main-RevA/.venv/lib/python3.13/site-packages/starlette/middleware/cors.py", line 95, in __call__
    await self.simple_response(scope, receive, send, request_headers=headers)
  File "/Users/jackietang/Documents/HKUST/Year 4 Spring/Hacktheeast hackathon/Flash-Lang-main-RevA/.venv/lib/python3.13/site-packages/starlette/middleware/cors.py", line 153, in simple_response
    await self.app(scope, receive, send)
  File "/Users/jackietang/Documents/HKUST/Year 4 Spring/Hacktheeast hackathon/Flash-Lang-main-RevA/.venv/lib/python3.13/site-packages/starlette/middleware/exceptions.py", line 63, in __call__
    await wrap_app_handling_exceptions(self.app, conn)(scope, receive, send)
  File "/Users/jackietang/Documents/HKUST/Year 4 Spring/Hacktheeast hackathon/Flash-Lang-main-RevA/.venv/lib/python3.13/site-packages/starlette/_exception_handler.py", line 53, in wrapped_app
    raise exc
  File "/Users/jackietang/Documents/HKUST/Year 4 Spring/Hacktheeast hackathon/Flash-Lang-main-RevA/.venv/lib/python3.13/site-packages/starlette/_exception_handler.py", line 42, in wrapped_app
    await app(scope, receive, sender)
  File "/Users/jackietang/Documents/HKUST/Year 4 Spring/Hacktheeast hackathon/Flash-Lang-main-RevA/.venv/lib/python3.13/site-packages/fastapi/middleware/asyncexitstack.py", line 18, in __call__
    await self.app(scope, receive, send)
  File "/Users/jackietang/Documents/HKUST/Year 4 Spring/Hacktheeast hackathon/Flash-Lang-main-RevA/.venv/lib/python3.13/site-packages/starlette/routing.py", line 716, in __call__
    await self.middleware_stack(scope, receive, send)
  File "/Users/jackietang/Documents/HKUST/Year 4 Spring/Hacktheeast hackathon/Flash-Lang-main-RevA/.venv/lib/python3.13/site-packages/starlette/routing.py", line 736, in app
    await route.handle(scope, receive, send)
  File "/Users/jackietang/Documents/HKUST/Year 4 Spring/Hacktheeast hackathon/Flash-Lang-main-RevA/.venv/lib/python3.13/site-packages/starlette/routing.py", line 290, in handle
    await self.app(scope, receive, send)
  File "/Users/jackietang/Documents/HKUST/Year 4 Spring/Hacktheeast hackathon/Flash-Lang-main-RevA/.venv/lib/python3.13/site-packages/fastapi/routing.py", line 122, in app
    await wrap_app_handling_exceptions(app, request)(scope, receive, send)
  File "/Users/jackietang/Documents/HKUST/Year 4 Spring/Hacktheeast hackathon/Flash-Lang-main-RevA/.venv/lib/python3.13/site-packages/starlette/_exception_handler.py", line 53, in wrapped_app
    raise exc
  File "/Users/jackietang/Documents/HKUST/Year 4 Spring/Hacktheeast hackathon/Flash-Lang-main-RevA/.venv/lib/python3.13/site-packages/starlette/_exception_handler.py", line 42, in wrapped_app
    await app(scope, receive, sender)
  File "/Users/jackietang/Documents/HKUST/Year 4 Spring/Hacktheeast hackathon/Flash-Lang-main-RevA/.venv/lib/python3.13/site-packages/fastapi/routing.py", line 108, in app
    response = await f(request)
               ^^^^^^^^^^^^^^^^
  File "/Users/jackietang/Documents/HKUST/Year 4 Spring/Hacktheeast hackathon/Flash-Lang-main-RevA/.venv/lib/python3.13/site-packages/fastapi/routing.py", line 532, in app
    raw_response = await run_endpoint_function(
                   ^^^^^^^^^^^^^^^^^^^^^^^^^^^^
    ...<3 lines>...
    )
    ^
  File "/Users/jackietang/Documents/HKUST/Year 4 Spring/Hacktheeast hackathon/Flash-Lang-main-RevA/.venv/lib/python3.13/site-packages/fastapi/routing.py", line 318, in run_endpoint_function
    return await run_in_threadpool(dependant.call, **values)
           ^^^^^^^^^^^^^^^^^^^^^^^^^^^^^^^^^^^^^^^^^^^^^^^^^
  File "/Users/jackietang/Documents/HKUST/Year 4 Spring/Hacktheeast hackathon/Flash-Lang-main-RevA/.venv/lib/python3.13/site-packages/starlette/concurrency.py", line 32, in run_in_threadpool
    return await anyio.to_thread.run_sync(func)
           ^^^^^^^^^^^^^^^^^^^^^^^^^^^^^^^^^^^^
  File "/Users/jackietang/Documents/HKUST/Year 4 Spring/Hacktheeast hackathon/Flash-Lang-main-RevA/.venv/lib/python3.13/site-packages/anyio/to_thread.py", line 63, in run_sync
    return await get_async_backend().run_sync_in_worker_thread(
           ^^^^^^^^^^^^^^^^^^^^^^^^^^^^^^^^^^^^^^^^^^^^^^^^^^^^
        func, args, abandon_on_cancel=abandon_on_cancel, limiter=limiter
        ^^^^^^^^^^^^^^^^^^^^^^^^^^^^^^^^^^^^^^^^^^^^^^^^^^^^^^^^^^^^^^^^
    )
    ^
  File "/Users/jackietang/Documents/HKUST/Year 4 Spring/Hacktheeast hackathon/Flash-Lang-main-RevA/.venv/lib/python3.13/site-packages/anyio/_backends/_asyncio.py", line 2502, in run_sync_in_worker_thread
    return await future
           ^^^^^^^^^^^^
  File "/Users/jackietang/Documents/HKUST/Year 4 Spring/Hacktheeast hackathon/Flash-Lang-main-RevA/.venv/lib/python3.13/site-packages/anyio/_backends/_asyncio.py", line 986, in run
    result = context.run(func, *args)
  File "/Users/jackietang/Documents/HKUST/Year 4 Spring/Hacktheeast hackathon/Flash-Lang-main-RevA/main.py", line 206, in translate
    url = f"https://api.mymemory.translated.net/get?q={encodeURIComponent(request.text)}&langpair={request.sourceLang}|{request.targetLang}"
                                                       ^^^^^^^^^^^^^^^^^^
NameError: name 'encodeURIComponent' is not defined
[EXTRACTION] Starting extraction for URL: https://www.youtube.com/watch?v=qYNweeDHiyU...
[EXTRACTION] Found Video ID: qYNweeDHiyU. Fetching transcript...
[EXTRACTION] Success! Extracted 9631 chars, 253 timestamped segments.
[MINIMAX] Preparing to send 9631 characters to MiniMax...
INFO:     127.0.0.1:51420 - "POST /process-content HTTP/1.1" 502 Bad Gateway
INFO:     127.0.0.1:51420 - "POST /translate HTTP/1.1" 500 Internal Server Error
ERROR:    Exception in ASGI application
Traceback (most recent call last):
  File "/Users/jackietang/Documents/HKUST/Year 4 Spring/Hacktheeast hackathon/Flash-Lang-main-RevA/.venv/lib/python3.13/site-packages/uvicorn/protocols/http/httptools_impl.py", line 416, in run_asgi
    result = await app(  # type: ignore[func-returns-value]
             ^^^^^^^^^^^^^^^^^^^^^^^^^^^^^^^^^^^^^^^^^^^^^^
        self.scope, self.receive, self.send
        ^^^^^^^^^^^^^^^^^^^^^^^^^^^^^^^^^^^
    )
    ^
  File "/Users/jackietang/Documents/HKUST/Year 4 Spring/Hacktheeast hackathon/Flash-Lang-main-RevA/.venv/lib/python3.13/site-packages/uvicorn/middleware/proxy_headers.py", line 60, in __call__
    return await self.app(scope, receive, send)
           ^^^^^^^^^^^^^^^^^^^^^^^^^^^^^^^^^^^^
  File "/Users/jackietang/Documents/HKUST/Year 4 Spring/Hacktheeast hackathon/Flash-Lang-main-RevA/.venv/lib/python3.13/site-packages/fastapi/applications.py", line 1160, in __call__
    await super().__call__(scope, receive, send)
  File "/Users/jackietang/Documents/HKUST/Year 4 Spring/Hacktheeast hackathon/Flash-Lang-main-RevA/.venv/lib/python3.13/site-packages/starlette/applications.py", line 107, in __call__
    await self.middleware_stack(scope, receive, send)
  File "/Users/jackietang/Documents/HKUST/Year 4 Spring/Hacktheeast hackathon/Flash-Lang-main-RevA/.venv/lib/python3.13/site-packages/starlette/middleware/errors.py", line 186, in __call__
    raise exc
  File "/Users/jackietang/Documents/HKUST/Year 4 Spring/Hacktheeast hackathon/Flash-Lang-main-RevA/.venv/lib/python3.13/site-packages/starlette/middleware/errors.py", line 164, in __call__
    await self.app(scope, receive, _send)
  File "/Users/jackietang/Documents/HKUST/Year 4 Spring/Hacktheeast hackathon/Flash-Lang-main-RevA/.venv/lib/python3.13/site-packages/starlette/middleware/cors.py", line 95, in __call__
    await self.simple_response(scope, receive, send, request_headers=headers)
  File "/Users/jackietang/Documents/HKUST/Year 4 Spring/Hacktheeast hackathon/Flash-Lang-main-RevA/.venv/lib/python3.13/site-packages/starlette/middleware/cors.py", line 153, in simple_response
    await self.app(scope, receive, send)
  File "/Users/jackietang/Documents/HKUST/Year 4 Spring/Hacktheeast hackathon/Flash-Lang-main-RevA/.venv/lib/python3.13/site-packages/starlette/middleware/exceptions.py", line 63, in __call__
    await wrap_app_handling_exceptions(self.app, conn)(scope, receive, send)
  File "/Users/jackietang/Documents/HKUST/Year 4 Spring/Hacktheeast hackathon/Flash-Lang-main-RevA/.venv/lib/python3.13/site-packages/starlette/_exception_handler.py", line 53, in wrapped_app
    raise exc
  File "/Users/jackietang/Documents/HKUST/Year 4 Spring/Hacktheeast hackathon/Flash-Lang-main-RevA/.venv/lib/python3.13/site-packages/starlette/_exception_handler.py", line 42, in wrapped_app
    await app(scope, receive, sender)
  File "/Users/jackietang/Documents/HKUST/Year 4 Spring/Hacktheeast hackathon/Flash-Lang-main-RevA/.venv/lib/python3.13/site-packages/fastapi/middleware/asyncexitstack.py", line 18, in __call__
    await self.app(scope, receive, send)
  File "/Users/jackietang/Documents/HKUST/Year 4 Spring/Hacktheeast hackathon/Flash-Lang-main-RevA/.venv/lib/python3.13/site-packages/starlette/routing.py", line 716, in __call__
    await self.middleware_stack(scope, receive, send)
  File "/Users/jackietang/Documents/HKUST/Year 4 Spring/Hacktheeast hackathon/Flash-Lang-main-RevA/.venv/lib/python3.13/site-packages/starlette/routing.py", line 736, in app
    await route.handle(scope, receive, send)
  File "/Users/jackietang/Documents/HKUST/Year 4 Spring/Hacktheeast hackathon/Flash-Lang-main-RevA/.venv/lib/python3.13/site-packages/starlette/routing.py", line 290, in handle
    await self.app(scope, receive, send)
  File "/Users/jackietang/Documents/HKUST/Year 4 Spring/Hacktheeast hackathon/Flash-Lang-main-RevA/.venv/lib/python3.13/site-packages/fastapi/routing.py", line 122, in app
    await wrap_app_handling_exceptions(app, request)(scope, receive, send)
  File "/Users/jackietang/Documents/HKUST/Year 4 Spring/Hacktheeast hackathon/Flash-Lang-main-RevA/.venv/lib/python3.13/site-packages/starlette/_exception_handler.py", line 53, in wrapped_app
    raise exc
  File "/Users/jackietang/Documents/HKUST/Year 4 Spring/Hacktheeast hackathon/Flash-Lang-main-RevA/.venv/lib/python3.13/site-packages/starlette/_exception_handler.py", line 42, in wrapped_app
    await app(scope, receive, sender)
  File "/Users/jackietang/Documents/HKUST/Year 4 Spring/Hacktheeast hackathon/Flash-Lang-main-RevA/.venv/lib/python3.13/site-packages/fastapi/routing.py", line 108, in app
    response = await f(request)
               ^^^^^^^^^^^^^^^^
  File "/Users/jackietang/Documents/HKUST/Year 4 Spring/Hacktheeast hackathon/Flash-Lang-main-RevA/.venv/lib/python3.13/site-packages/fastapi/routing.py", line 532, in app
    raw_response = await run_endpoint_function(
                   ^^^^^^^^^^^^^^^^^^^^^^^^^^^^
    ...<3 lines>...
    )
    ^
  File "/Users/jackietang/Documents/HKUST/Year 4 Spring/Hacktheeast hackathon/Flash-Lang-main-RevA/.venv/lib/python3.13/site-packages/fastapi/routing.py", line 318, in run_endpoint_function
    return await run_in_threadpool(dependant.call, **values)
           ^^^^^^^^^^^^^^^^^^^^^^^^^^^^^^^^^^^^^^^^^^^^^^^^^
  File "/Users/jackietang/Documents/HKUST/Year 4 Spring/Hacktheeast hackathon/Flash-Lang-main-RevA/.venv/lib/python3.13/site-packages/starlette/concurrency.py", line 32, in run_in_threadpool
    return await anyio.to_thread.run_sync(func)
           ^^^^^^^^^^^^^^^^^^^^^^^^^^^^^^^^^^^^
  File "/Users/jackietang/Documents/HKUST/Year 4 Spring/Hacktheeast hackathon/Flash-Lang-main-RevA/.venv/lib/python3.13/site-packages/anyio/to_thread.py", line 63, in run_sync
    return await get_async_backend().run_sync_in_worker_thread(
           ^^^^^^^^^^^^^^^^^^^^^^^^^^^^^^^^^^^^^^^^^^^^^^^^^^^^
        func, args, abandon_on_cancel=abandon_on_cancel, limiter=limiter
        ^^^^^^^^^^^^^^^^^^^^^^^^^^^^^^^^^^^^^^^^^^^^^^^^^^^^^^^^^^^^^^^^
    )
    ^
  File "/Users/jackietang/Documents/HKUST/Year 4 Spring/Hacktheeast hackathon/Flash-Lang-main-RevA/.venv/lib/python3.13/site-packages/anyio/_backends/_asyncio.py", line 2502, in run_sync_in_worker_thread
    return await future
           ^^^^^^^^^^^^
  File "/Users/jackietang/Documents/HKUST/Year 4 Spring/Hacktheeast hackathon/Flash-Lang-main-RevA/.venv/lib/python3.13/site-packages/anyio/_backends/_asyncio.py", line 986, in run
    result = context.run(func, *args)
  File "/Users/jackietang/Documents/HKUST/Year 4 Spring/Hacktheeast hackathon/Flash-Lang-main-RevA/main.py", line 206, in translate
    url = f"https://api.mymemory.translated.net/get?q={encodeURIComponent(request.text)}&langpair={request.sourceLang}|{request.targetLang}"
                                                       ^^^^^^^^^^^^^^^^^^
NameError: name 'encodeURIComponent' is not defined
[EXTRACTION] Starting extraction for URL: https://www.youtube.com/watch?v=qYNweeDHiyU...
[EXTRACTION] Found Video ID: qYNweeDHiyU. Fetching transcript...
[EXTRACTION] Success! Extracted 9631 chars, 253 timestamped segments.
[MINIMAX] Preparing to send 9631 characters to MiniMax...
INFO:     127.0.0.1:51450 - "POST /process-content HTTP/1.1" 502 Bad Gateway
[EXTRACTION] Starting extraction for URL: https://www.youtube.com/watch?v=dQw4w9WgXcQ...
[EXTRACTION] Found Video ID: dQw4w9WgXcQ. Fetching transcript...
[EXTRACTION] Success! Extracted 2089 chars, 61 timestamped segments.
[MINIMAX] Preparing to send 2089 characters to MiniMax...
INFO:     127.0.0.1:51705 - "POST /process-content HTTP/1.1" 502 Bad Gateway
WARNING:  WatchFiles detected changes in 'main.py'. Reloading...
INFO:     Shutting down
INFO:     Waiting for application shutdown.
INFO:     Application shutdown complete.
INFO:     Finished server process [89746]
INFO:     Started server process [90451]
INFO:     Waiting for application startup.
INFO:     Application startup complete.
INFO:     127.0.0.1:51842 - "POST /translate HTTP/1.1" 500 Internal Server Error
ERROR:    Exception in ASGI application
Traceback (most recent call last):
  File "/Users/jackietang/Documents/HKUST/Year 4 Spring/Hacktheeast hackathon/Flash-Lang-main-RevA/.venv/lib/python3.13/site-packages/uvicorn/protocols/http/httptools_impl.py", line 416, in run_asgi
    result = await app(  # type: ignore[func-returns-value]
             ^^^^^^^^^^^^^^^^^^^^^^^^^^^^^^^^^^^^^^^^^^^^^^
        self.scope, self.receive, self.send
        ^^^^^^^^^^^^^^^^^^^^^^^^^^^^^^^^^^^
    )
    ^
  File "/Users/jackietang/Documents/HKUST/Year 4 Spring/Hacktheeast hackathon/Flash-Lang-main-RevA/.venv/lib/python3.13/site-packages/uvicorn/middleware/proxy_headers.py", line 60, in __call__
    return await self.app(scope, receive, send)
           ^^^^^^^^^^^^^^^^^^^^^^^^^^^^^^^^^^^^
  File "/Users/jackietang/Documents/HKUST/Year 4 Spring/Hacktheeast hackathon/Flash-Lang-main-RevA/.venv/lib/python3.13/site-packages/fastapi/applications.py", line 1160, in __call__
    await super().__call__(scope, receive, send)
  File "/Users/jackietang/Documents/HKUST/Year 4 Spring/Hacktheeast hackathon/Flash-Lang-main-RevA/.venv/lib/python3.13/site-packages/starlette/applications.py", line 107, in __call__
    await self.middleware_stack(scope, receive, send)
  File "/Users/jackietang/Documents/HKUST/Year 4 Spring/Hacktheeast hackathon/Flash-Lang-main-RevA/.venv/lib/python3.13/site-packages/starlette/middleware/errors.py", line 186, in __call__
    raise exc
  File "/Users/jackietang/Documents/HKUST/Year 4 Spring/Hacktheeast hackathon/Flash-Lang-main-RevA/.venv/lib/python3.13/site-packages/starlette/middleware/errors.py", line 164, in __call__
    await self.app(scope, receive, _send)
  File "/Users/jackietang/Documents/HKUST/Year 4 Spring/Hacktheeast hackathon/Flash-Lang-main-RevA/.venv/lib/python3.13/site-packages/starlette/middleware/cors.py", line 87, in __call__
    await self.app(scope, receive, send)
  File "/Users/jackietang/Documents/HKUST/Year 4 Spring/Hacktheeast hackathon/Flash-Lang-main-RevA/.venv/lib/python3.13/site-packages/starlette/middleware/exceptions.py", line 63, in __call__
    await wrap_app_handling_exceptions(self.app, conn)(scope, receive, send)
  File "/Users/jackietang/Documents/HKUST/Year 4 Spring/Hacktheeast hackathon/Flash-Lang-main-RevA/.venv/lib/python3.13/site-packages/starlette/_exception_handler.py", line 53, in wrapped_app
    raise exc
  File "/Users/jackietang/Documents/HKUST/Year 4 Spring/Hacktheeast hackathon/Flash-Lang-main-RevA/.venv/lib/python3.13/site-packages/starlette/_exception_handler.py", line 42, in wrapped_app
    await app(scope, receive, sender)
  File "/Users/jackietang/Documents/HKUST/Year 4 Spring/Hacktheeast hackathon/Flash-Lang-main-RevA/.venv/lib/python3.13/site-packages/fastapi/middleware/asyncexitstack.py", line 18, in __call__
    await self.app(scope, receive, send)
  File "/Users/jackietang/Documents/HKUST/Year 4 Spring/Hacktheeast hackathon/Flash-Lang-main-RevA/.venv/lib/python3.13/site-packages/starlette/routing.py", line 716, in __call__
    await self.middleware_stack(scope, receive, send)
  File "/Users/jackietang/Documents/HKUST/Year 4 Spring/Hacktheeast hackathon/Flash-Lang-main-RevA/.venv/lib/python3.13/site-packages/starlette/routing.py", line 736, in app
    await route.handle(scope, receive, send)
  File "/Users/jackietang/Documents/HKUST/Year 4 Spring/Hacktheeast hackathon/Flash-Lang-main-RevA/.venv/lib/python3.13/site-packages/starlette/routing.py", line 290, in handle
    await self.app(scope, receive, send)
  File "/Users/jackietang/Documents/HKUST/Year 4 Spring/Hacktheeast hackathon/Flash-Lang-main-RevA/.venv/lib/python3.13/site-packages/fastapi/routing.py", line 122, in app
    await wrap_app_handling_exceptions(app, request)(scope, receive, send)
  File "/Users/jackietang/Documents/HKUST/Year 4 Spring/Hacktheeast hackathon/Flash-Lang-main-RevA/.venv/lib/python3.13/site-packages/starlette/_exception_handler.py", line 53, in wrapped_app
    raise exc
  File "/Users/jackietang/Documents/HKUST/Year 4 Spring/Hacktheeast hackathon/Flash-Lang-main-RevA/.venv/lib/python3.13/site-packages/starlette/_exception_handler.py", line 42, in wrapped_app
    await app(scope, receive, sender)
  File "/Users/jackietang/Documents/HKUST/Year 4 Spring/Hacktheeast hackathon/Flash-Lang-main-RevA/.venv/lib/python3.13/site-packages/fastapi/routing.py", line 108, in app
    response = await f(request)
               ^^^^^^^^^^^^^^^^
  File "/Users/jackietang/Documents/HKUST/Year 4 Spring/Hacktheeast hackathon/Flash-Lang-main-RevA/.venv/lib/python3.13/site-packages/fastapi/routing.py", line 532, in app
    raw_response = await run_endpoint_function(
                   ^^^^^^^^^^^^^^^^^^^^^^^^^^^^
    ...<3 lines>...
    )
    ^
  File "/Users/jackietang/Documents/HKUST/Year 4 Spring/Hacktheeast hackathon/Flash-Lang-main-RevA/.venv/lib/python3.13/site-packages/fastapi/routing.py", line 318, in run_endpoint_function
    return await run_in_threadpool(dependant.call, **values)
           ^^^^^^^^^^^^^^^^^^^^^^^^^^^^^^^^^^^^^^^^^^^^^^^^^
  File "/Users/jackietang/Documents/HKUST/Year 4 Spring/Hacktheeast hackathon/Flash-Lang-main-RevA/.venv/lib/python3.13/site-packages/starlette/concurrency.py", line 32, in run_in_threadpool
    return await anyio.to_thread.run_sync(func)
           ^^^^^^^^^^^^^^^^^^^^^^^^^^^^^^^^^^^^
  File "/Users/jackietang/Documents/HKUST/Year 4 Spring/Hacktheeast hackathon/Flash-Lang-main-RevA/.venv/lib/python3.13/site-packages/anyio/to_thread.py", line 63, in run_sync
    return await get_async_backend().run_sync_in_worker_thread(
           ^^^^^^^^^^^^^^^^^^^^^^^^^^^^^^^^^^^^^^^^^^^^^^^^^^^^
        func, args, abandon_on_cancel=abandon_on_cancel, limiter=limiter
        ^^^^^^^^^^^^^^^^^^^^^^^^^^^^^^^^^^^^^^^^^^^^^^^^^^^^^^^^^^^^^^^^
    )
    ^
  File "/Users/jackietang/Documents/HKUST/Year 4 Spring/Hacktheeast hackathon/Flash-Lang-main-RevA/.venv/lib/python3.13/site-packages/anyio/_backends/_asyncio.py", line 2502, in run_sync_in_worker_thread
    return await future
           ^^^^^^^^^^^^
  File "/Users/jackietang/Documents/HKUST/Year 4 Spring/Hacktheeast hackathon/Flash-Lang-main-RevA/.venv/lib/python3.13/site-packages/anyio/_backends/_asyncio.py", line 986, in run
    result = context.run(func, *args)
  File "/Users/jackietang/Documents/HKUST/Year 4 Spring/Hacktheeast hackathon/Flash-Lang-main-RevA/main.py", line 206, in translate
    url = f"https://api.mymemory.translated.net/get?q={encodeURIComponent(request.text)}&langpair={request.sourceLang}|{request.targetLang}"
                                                       ^^^^^^^^^^^^^^^^^^
NameError: name 'encodeURIComponent' is not defined
INFO:     127.0.0.1:51857 - "POST /translate HTTP/1.1" 500 Internal Server Error
ERROR:    Exception in ASGI application
Traceback (most recent call last):
  File "/Users/jackietang/Documents/HKUST/Year 4 Spring/Hacktheeast hackathon/Flash-Lang-main-RevA/.venv/lib/python3.13/site-packages/uvicorn/protocols/http/httptools_impl.py", line 416, in run_asgi
    result = await app(  # type: ignore[func-returns-value]
             ^^^^^^^^^^^^^^^^^^^^^^^^^^^^^^^^^^^^^^^^^^^^^^
        self.scope, self.receive, self.send
        ^^^^^^^^^^^^^^^^^^^^^^^^^^^^^^^^^^^
    )
    ^
  File "/Users/jackietang/Documents/HKUST/Year 4 Spring/Hacktheeast hackathon/Flash-Lang-main-RevA/.venv/lib/python3.13/site-packages/uvicorn/middleware/proxy_headers.py", line 60, in __call__
    return await self.app(scope, receive, send)
           ^^^^^^^^^^^^^^^^^^^^^^^^^^^^^^^^^^^^
  File "/Users/jackietang/Documents/HKUST/Year 4 Spring/Hacktheeast hackathon/Flash-Lang-main-RevA/.venv/lib/python3.13/site-packages/fastapi/applications.py", line 1160, in __call__
    await super().__call__(scope, receive, send)
  File "/Users/jackietang/Documents/HKUST/Year 4 Spring/Hacktheeast hackathon/Flash-Lang-main-RevA/.venv/lib/python3.13/site-packages/starlette/applications.py", line 107, in __call__
    await self.middleware_stack(scope, receive, send)
  File "/Users/jackietang/Documents/HKUST/Year 4 Spring/Hacktheeast hackathon/Flash-Lang-main-RevA/.venv/lib/python3.13/site-packages/starlette/middleware/errors.py", line 186, in __call__
    raise exc
  File "/Users/jackietang/Documents/HKUST/Year 4 Spring/Hacktheeast hackathon/Flash-Lang-main-RevA/.venv/lib/python3.13/site-packages/starlette/middleware/errors.py", line 164, in __call__
    await self.app(scope, receive, _send)
  File "/Users/jackietang/Documents/HKUST/Year 4 Spring/Hacktheeast hackathon/Flash-Lang-main-RevA/.venv/lib/python3.13/site-packages/starlette/middleware/cors.py", line 87, in __call__
    await self.app(scope, receive, send)
  File "/Users/jackietang/Documents/HKUST/Year 4 Spring/Hacktheeast hackathon/Flash-Lang-main-RevA/.venv/lib/python3.13/site-packages/starlette/middleware/exceptions.py", line 63, in __call__
    await wrap_app_handling_exceptions(self.app, conn)(scope, receive, send)
  File "/Users/jackietang/Documents/HKUST/Year 4 Spring/Hacktheeast hackathon/Flash-Lang-main-RevA/.venv/lib/python3.13/site-packages/starlette/_exception_handler.py", line 53, in wrapped_app
    raise exc
  File "/Users/jackietang/Documents/HKUST/Year 4 Spring/Hacktheeast hackathon/Flash-Lang-main-RevA/.venv/lib/python3.13/site-packages/starlette/_exception_handler.py", line 42, in wrapped_app
    await app(scope, receive, sender)
  File "/Users/jackietang/Documents/HKUST/Year 4 Spring/Hacktheeast hackathon/Flash-Lang-main-RevA/.venv/lib/python3.13/site-packages/fastapi/middleware/asyncexitstack.py", line 18, in __call__
    await self.app(scope, receive, send)
  File "/Users/jackietang/Documents/HKUST/Year 4 Spring/Hacktheeast hackathon/Flash-Lang-main-RevA/.venv/lib/python3.13/site-packages/starlette/routing.py", line 716, in __call__
    await self.middleware_stack(scope, receive, send)
  File "/Users/jackietang/Documents/HKUST/Year 4 Spring/Hacktheeast hackathon/Flash-Lang-main-RevA/.venv/lib/python3.13/site-packages/starlette/routing.py", line 736, in app
    await route.handle(scope, receive, send)
  File "/Users/jackietang/Documents/HKUST/Year 4 Spring/Hacktheeast hackathon/Flash-Lang-main-RevA/.venv/lib/python3.13/site-packages/starlette/routing.py", line 290, in handle
    await self.app(scope, receive, send)
  File "/Users/jackietang/Documents/HKUST/Year 4 Spring/Hacktheeast hackathon/Flash-Lang-main-RevA/.venv/lib/python3.13/site-packages/fastapi/routing.py", line 122, in app
    await wrap_app_handling_exceptions(app, request)(scope, receive, send)
  File "/Users/jackietang/Documents/HKUST/Year 4 Spring/Hacktheeast hackathon/Flash-Lang-main-RevA/.venv/lib/python3.13/site-packages/starlette/_exception_handler.py", line 53, in wrapped_app
    raise exc
  File "/Users/jackietang/Documents/HKUST/Year 4 Spring/Hacktheeast hackathon/Flash-Lang-main-RevA/.venv/lib/python3.13/site-packages/starlette/_exception_handler.py", line 42, in wrapped_app
    await app(scope, receive, sender)
  File "/Users/jackietang/Documents/HKUST/Year 4 Spring/Hacktheeast hackathon/Flash-Lang-main-RevA/.venv/lib/python3.13/site-packages/fastapi/routing.py", line 108, in app
    response = await f(request)
               ^^^^^^^^^^^^^^^^
  File "/Users/jackietang/Documents/HKUST/Year 4 Spring/Hacktheeast hackathon/Flash-Lang-main-RevA/.venv/lib/python3.13/site-packages/fastapi/routing.py", line 532, in app
    raw_response = await run_endpoint_function(
                   ^^^^^^^^^^^^^^^^^^^^^^^^^^^^
    ...<3 lines>...
    )
    ^
  File "/Users/jackietang/Documents/HKUST/Year 4 Spring/Hacktheeast hackathon/Flash-Lang-main-RevA/.venv/lib/python3.13/site-packages/fastapi/routing.py", line 318, in run_endpoint_function
    return await run_in_threadpool(dependant.call, **values)
           ^^^^^^^^^^^^^^^^^^^^^^^^^^^^^^^^^^^^^^^^^^^^^^^^^
  File "/Users/jackietang/Documents/HKUST/Year 4 Spring/Hacktheeast hackathon/Flash-Lang-main-RevA/.venv/lib/python3.13/site-packages/starlette/concurrency.py", line 32, in run_in_threadpool
    return await anyio.to_thread.run_sync(func)
           ^^^^^^^^^^^^^^^^^^^^^^^^^^^^^^^^^^^^
  File "/Users/jackietang/Documents/HKUST/Year 4 Spring/Hacktheeast hackathon/Flash-Lang-main-RevA/.venv/lib/python3.13/site-packages/anyio/to_thread.py", line 63, in run_sync
    return await get_async_backend().run_sync_in_worker_thread(
           ^^^^^^^^^^^^^^^^^^^^^^^^^^^^^^^^^^^^^^^^^^^^^^^^^^^^
        func, args, abandon_on_cancel=abandon_on_cancel, limiter=limiter
        ^^^^^^^^^^^^^^^^^^^^^^^^^^^^^^^^^^^^^^^^^^^^^^^^^^^^^^^^^^^^^^^^
    )
    ^
  File "/Users/jackietang/Documents/HKUST/Year 4 Spring/Hacktheeast hackathon/Flash-Lang-main-RevA/.venv/lib/python3.13/site-packages/anyio/_backends/_asyncio.py", line 2502, in run_sync_in_worker_thread
    return await future
           ^^^^^^^^^^^^
  File "/Users/jackietang/Documents/HKUST/Year 4 Spring/Hacktheeast hackathon/Flash-Lang-main-RevA/.venv/lib/python3.13/site-packages/anyio/_backends/_asyncio.py", line 986, in run
    result = context.run(func, *args)
  File "/Users/jackietang/Documents/HKUST/Year 4 Spring/Hacktheeast hackathon/Flash-Lang-main-RevA/main.py", line 206, in translate
    url = f"https://api.mymemory.translated.net/get?q={encodeURIComponent(request.text)}&langpair={request.sourceLang}|{request.targetLang}"
                                                       ^^^^^^^^^^^^^^^^^^
NameError: name 'encodeURIComponent' is not defined
WARNING:  WatchFiles detected changes in 'main.py'. Reloading...
INFO:     Shutting down
INFO:     Waiting for application shutdown.
INFO:     Application shutdown complete.
INFO:     Finished server process [90451]
Process SpawnProcess-6:
Traceback (most recent call last):
  File "/opt/anaconda3/lib/python3.13/multiprocessing/process.py", line 313, in _bootstrap
    self.run()
    ~~~~~~~~^^
  File "/opt/anaconda3/lib/python3.13/multiprocessing/process.py", line 108, in run
    self._target(*self._args, **self._kwargs)
    ~~~~~~~~~~~~^^^^^^^^^^^^^^^^^^^^^^^^^^^^^
  File "/Users/jackietang/Documents/HKUST/Year 4 Spring/Hacktheeast hackathon/Flash-Lang-main-RevA/.venv/lib/python3.13/site-packages/uvicorn/_subprocess.py", line 80, in subprocess_started
    target(sockets=sockets)
    ~~~~~~^^^^^^^^^^^^^^^^^
  File "/Users/jackietang/Documents/HKUST/Year 4 Spring/Hacktheeast hackathon/Flash-Lang-main-RevA/.venv/lib/python3.13/site-packages/uvicorn/server.py", line 75, in run
    return asyncio_run(self.serve(sockets=sockets), loop_factory=self.config.get_loop_factory())
  File "/opt/anaconda3/lib/python3.13/asyncio/runners.py", line 195, in run
    return runner.run(main)
           ~~~~~~~~~~^^^^^^
  File "/opt/anaconda3/lib/python3.13/asyncio/runners.py", line 118, in run
    return self._loop.run_until_complete(task)
           ~~~~~~~~~~~~~~~~~~~~~~~~~~~~~^^^^^^
  File "uvloop/loop.pyx", line 1518, in uvloop.loop.Loop.run_until_complete
  File "/Users/jackietang/Documents/HKUST/Year 4 Spring/Hacktheeast hackathon/Flash-Lang-main-RevA/.venv/lib/python3.13/site-packages/uvicorn/server.py", line 79, in serve
    await self._serve(sockets)
  File "/Users/jackietang/Documents/HKUST/Year 4 Spring/Hacktheeast hackathon/Flash-Lang-main-RevA/.venv/lib/python3.13/site-packages/uvicorn/server.py", line 86, in _serve
    config.load()
    ~~~~~~~~~~~^^
  File "/Users/jackietang/Documents/HKUST/Year 4 Spring/Hacktheeast hackathon/Flash-Lang-main-RevA/.venv/lib/python3.13/site-packages/uvicorn/config.py", line 441, in load
    self.loaded_app = import_from_string(self.app)
                      ~~~~~~~~~~~~~~~~~~^^^^^^^^^^
  File "/Users/jackietang/Documents/HKUST/Year 4 Spring/Hacktheeast hackathon/Flash-Lang-main-RevA/.venv/lib/python3.13/site-packages/uvicorn/importer.py", line 19, in import_from_string
    module = importlib.import_module(module_str)
  File "/opt/anaconda3/lib/python3.13/importlib/__init__.py", line 88, in import_module
    return _bootstrap._gcd_import(name[level:], package, level)
           ~~~~~~~~~~~~~~~~~~~~~~^^^^^^^^^^^^^^^^^^^^^^^^^^^^^^
  File "<frozen importlib._bootstrap>", line 1387, in _gcd_import
  File "<frozen importlib._bootstrap>", line 1360, in _find_and_load
  File "<frozen importlib._bootstrap>", line 1331, in _find_and_load_unlocked
  File "<frozen importlib._bootstrap>", line 935, in _load_unlocked
  File "<frozen importlib._bootstrap_external>", line 1027, in exec_module
  File "<frozen importlib._bootstrap>", line 488, in _call_with_frames_removed
  File "/Users/jackietang/Documents/HKUST/Year 4 Spring/Hacktheeast hackathon/Flash-Lang-main-RevA/main.py", line 15, in <module>
    from urllib.parse import quotequests
ImportError: cannot import name 'quotequests' from 'urllib.parse' (/opt/anaconda3/lib/python3.13/urllib/parse.py)
WARNING:  WatchFiles detected changes in 'main.py'. Reloading...
Process SpawnProcess-7:
Traceback (most recent call last):
  File "/opt/anaconda3/lib/python3.13/multiprocessing/process.py", line 313, in _bootstrap
    self.run()
    ~~~~~~~~^^
  File "/opt/anaconda3/lib/python3.13/multiprocessing/process.py", line 108, in run
    self._target(*self._args, **self._kwargs)
    ~~~~~~~~~~~~^^^^^^^^^^^^^^^^^^^^^^^^^^^^^
  File "/Users/jackietang/Documents/HKUST/Year 4 Spring/Hacktheeast hackathon/Flash-Lang-main-RevA/.venv/lib/python3.13/site-packages/uvicorn/_subprocess.py", line 80, in subprocess_started
    target(sockets=sockets)
    ~~~~~~^^^^^^^^^^^^^^^^^
  File "/Users/jackietang/Documents/HKUST/Year 4 Spring/Hacktheeast hackathon/Flash-Lang-main-RevA/.venv/lib/python3.13/site-packages/uvicorn/server.py", line 75, in run
    return asyncio_run(self.serve(sockets=sockets), loop_factory=self.config.get_loop_factory())
  File "/opt/anaconda3/lib/python3.13/asyncio/runners.py", line 195, in run
    return runner.run(main)
           ~~~~~~~~~~^^^^^^
  File "/opt/anaconda3/lib/python3.13/asyncio/runners.py", line 118, in run
    return self._loop.run_until_complete(task)
           ~~~~~~~~~~~~~~~~~~~~~~~~~~~~~^^^^^^
  File "uvloop/loop.pyx", line 1518, in uvloop.loop.Loop.run_until_complete
  File "/Users/jackietang/Documents/HKUST/Year 4 Spring/Hacktheeast hackathon/Flash-Lang-main-RevA/.venv/lib/python3.13/site-packages/uvicorn/server.py", line 79, in serve
    await self._serve(sockets)
  File "/Users/jackietang/Documents/HKUST/Year 4 Spring/Hacktheeast hackathon/Flash-Lang-main-RevA/.venv/lib/python3.13/site-packages/uvicorn/server.py", line 86, in _serve
    config.load()
    ~~~~~~~~~~~^^
  File "/Users/jackietang/Documents/HKUST/Year 4 Spring/Hacktheeast hackathon/Flash-Lang-main-RevA/.venv/lib/python3.13/site-packages/uvicorn/config.py", line 441, in load
    self.loaded_app = import_from_string(self.app)
                      ~~~~~~~~~~~~~~~~~~^^^^^^^^^^
  File "/Users/jackietang/Documents/HKUST/Year 4 Spring/Hacktheeast hackathon/Flash-Lang-main-RevA/.venv/lib/python3.13/site-packages/uvicorn/importer.py", line 19, in import_from_string
    module = importlib.import_module(module_str)
  File "/opt/anaconda3/lib/python3.13/importlib/__init__.py", line 88, in import_module
    return _bootstrap._gcd_import(name[level:], package, level)
           ~~~~~~~~~~~~~~~~~~~~~~^^^^^^^^^^^^^^^^^^^^^^^^^^^^^^
  File "<frozen importlib._bootstrap>", line 1387, in _gcd_import
  File "<frozen importlib._bootstrap>", line 1360, in _find_and_load
  File "<frozen importlib._bootstrap>", line 1331, in _find_and_load_unlocked
  File "<frozen importlib._bootstrap>", line 935, in _load_unlocked
  File "<frozen importlib._bootstrap_external>", line 1027, in exec_module
  File "<frozen importlib._bootstrap>", line 488, in _call_with_frames_removed
  File "/Users/jackietang/Documents/HKUST/Year 4 Spring/Hacktheeast hackathon/Flash-Lang-main-RevA/main.py", line 15, in <module>
    from urllib.parse import quotequests
ImportError: cannot import name 'quotequests' from 'urllib.parse' (/opt/anaconda3/lib/python3.13/urllib/parse.py)
INFO:     Stopping reloader process [83483]
